<?xml version="1.0" encoding="UTF-8"?>
<!-- Generated by org.testng.reporters.JUnitReportReporter -->
<testsuite hostname="LAPTOP-981QNBKH" failures="0" tests="1" name="com.TestComponents.Abstract" time="1.048" errors="0" timestamp="2022-11-16T18:21:32 IST" skipped="0">
  <testcase classname="com.TestComponents.Abstract" name="getTestData" time="1.048"/>
  <system-out/>
</testsuite> <!-- com.TestComponents.Abstract -->
