<?xml version="1.0" encoding="UTF-8"?>
<!-- Generated by org.testng.reporters.JUnitReportReporter -->
<testsuite hostname="LAPTOP-981QNBKH" failures="0" tests="1" name="com.TestCases.smapl" time="7.004" errors="0" timestamp="2022-11-17T11:38:40 IST" skipped="0">
  <testcase classname="com.TestCases.smapl" name="select" time="7.004"/>
  <system-out/>
</testsuite> <!-- com.TestCases.smapl -->
