<?xml version="1.0" encoding="UTF-8"?>
<!-- Generated by org.testng.reporters.JUnitReportReporter -->
<testsuite hostname="LAPTOP-981QNBKH" failures="0" tests="1" name="com.TestCases.sampl" time="10.838" errors="0" timestamp="2022-11-17T18:36:07 IST" skipped="0">
  <testcase classname="com.TestCases.sampl" name="testingStreams" time="10.838"/>
  <system-out/>
</testsuite> <!-- com.TestCases.sampl -->
