<?xml version="1.0" encoding="UTF-8"?>
<!-- Generated by org.testng.reporters.JUnitReportReporter -->
<testsuite hostname="LAPTOP-981QNBKH" failures="0" tests="1" name="com.Assignment.TestCases.Test1" time="7.301" errors="0" timestamp="2022-10-16T15:30:40 IST" skipped="0">
  <testcase classname="com.Assignment.TestCases.Test1" name="Test01" time="7.301"/>
  <system-out/>
</testsuite> <!-- com.Assignment.TestCases.Test1 -->
