<?xml version="1.0" encoding="UTF-8"?>
<!-- Generated by org.testng.reporters.JUnitReportReporter -->
<testsuite hostname="LAPTOP-981QNBKH" failures="0" tests="2" name="com.Assignment.TestCases.TestCases" time="10.347" errors="0" timestamp="2022-11-20T10:01:37 IST" skipped="0">
  <testcase classname="com.Assignment.TestCases.TestCases" name="Test2" time="3.601"/>
  <system-out/>
  <testcase classname="com.Assignment.TestCases.TestCases" name="Test4" time="6.746"/>
  <system-out/>
</testsuite> <!-- com.Assignment.TestCases.TestCases -->
