<?xml version="1.0" encoding="UTF-8"?>
<!-- Generated by org.testng.reporters.JUnitReportReporter -->
<testsuite hostname="LAPTOP-981QNBKH" failures="0" tests="6" name="com.Assignment.TestCases.TestCase01" time="36.230" errors="0" timestamp="2022-10-14T23:12:45 IST" skipped="0">
  <testcase classname="com.Assignment.TestCases.TestCase01" name="Test1" time="8.391"/>
  <system-out/>
  <testcase classname="com.Assignment.TestCases.TestCase01" name="Test4" time="4.128"/>
  <system-out/>
  <testcase classname="com.Assignment.TestCases.TestCase01" name="Test2" time="4.901"/>
  <system-out/>
  <testcase classname="com.Assignment.TestCases.TestCase01" name="Test3" time="5.391"/>
  <system-out/>
  <testcase classname="com.Assignment.TestCases.TestCase01" name="Test6" time="4.301"/>
  <system-out/>
  <testcase classname="com.Assignment.TestCases.TestCase01" name="Test5" time="9.118"/>
  <system-out/>
</testsuite> <!-- com.Assignment.TestCases.TestCase01 -->
