<?xml version="1.0" encoding="UTF-8"?>
<!-- Generated by org.testng.reporters.JUnitReportReporter -->
<testsuite hostname="LAPTOP-981QNBKH" failures="0" tests="1" name="com.Assignment.TestCases.Test5" time="7.992" errors="0" timestamp="2022-11-21T19:52:55 IST" skipped="0">
  <testcase classname="com.Assignment.TestCases.Test5" name="FifthTest" time="7.992"/>
  <system-out/>
</testsuite> <!-- com.Assignment.TestCases.Test5 -->
