<?xml version="1.0" encoding="UTF-8"?>
<!-- Generated by org.testng.reporters.JUnitReportReporter -->
<testsuite hostname="LAPTOP-981QNBKH" failures="0" tests="6" name="com.Assignment.TestCases.TestCases" time="35.837" errors="0" timestamp="2022-10-16T21:42:14 IST" skipped="0">
  <testcase classname="com.Assignment.TestCases.TestCases" name="Test6" time="7.279"/>
  <system-out/>
  <testcase classname="com.Assignment.TestCases.TestCases" name="Test5" time="10.831"/>
  <system-out/>
  <testcase classname="com.Assignment.TestCases.TestCases" name="Test3" time="4.755"/>
  <system-out/>
  <testcase classname="com.Assignment.TestCases.TestCases" name="Test4" time="3.450"/>
  <system-out/>
  <testcase classname="com.Assignment.TestCases.TestCases" name="Test2" time="4.124"/>
  <system-out/>
  <testcase classname="com.Assignment.TestCases.TestCases" name="Test1" time="5.398"/>
  <system-out/>
</testsuite> <!-- com.Assignment.TestCases.TestCases -->
