<?xml version="1.0" encoding="UTF-8"?>
<!-- Generated by org.testng.reporters.JUnitReportReporter -->
<testsuite hostname="LAPTOP-981QNBKH" failures="0" tests="6" name="com.Assignment.TestCases.TestCases" time="29.649" errors="0" timestamp="2022-11-19T11:07:37 IST" skipped="0">
  <testcase classname="com.Assignment.TestCases.TestCases" name="Test5" time="11.735"/>
  <system-out/>
  <testcase classname="com.Assignment.TestCases.TestCases" name="Test1" time="3.284"/>
  <system-out/>
  <testcase classname="com.Assignment.TestCases.TestCases" name="Test4" time="2.624"/>
  <system-out/>
  <testcase classname="com.Assignment.TestCases.TestCases" name="Test3" time="6.153"/>
  <system-out/>
  <testcase classname="com.Assignment.TestCases.TestCases" name="Test6" time="2.931"/>
  <system-out/>
  <testcase classname="com.Assignment.TestCases.TestCases" name="Test2" time="2.922"/>
  <system-out/>
</testsuite> <!-- com.Assignment.TestCases.TestCases -->
