<?xml version="1.0" encoding="UTF-8"?>
<!-- Generated by org.testng.reporters.JUnitReportReporter -->
<testsuite hostname="LAPTOP-981QNBKH" failures="0" tests="1" name="com.Assignment.TestCases.Test3" time="4.916" errors="0" timestamp="2022-10-16T15:30:40 IST" skipped="0">
  <testcase classname="com.Assignment.TestCases.Test3" name="Test" time="4.916"/>
  <system-out/>
</testsuite> <!-- com.Assignment.TestCases.Test3 -->
