<?xml version="1.0" encoding="UTF-8"?>
<!-- Generated by org.testng.reporters.JUnitReportReporter -->
<testsuite hostname="LAPTOP-981QNBKH" failures="0" tests="1" name="com.Assignment.TestCases.Test1" time="0.498" errors="0" timestamp="2022-11-21T20:08:00 IST" skipped="0">
  <testcase classname="com.Assignment.TestCases.Test1" name="FirstTest" time="0.498"/>
  <system-out/>
</testsuite> <!-- com.Assignment.TestCases.Test1 -->
