<?xml version="1.0" encoding="UTF-8"?>
<!-- Generated by org.testng.reporters.JUnitReportReporter -->
<testsuite hostname="LAPTOP-981QNBKH" failures="0" tests="2" name="com.Assignment.TestCases.TestCases" time="12.976" errors="0" timestamp="2022-11-20T15:46:22 IST" skipped="0">
  <testcase classname="com.Assignment.TestCases.TestCases" name="Test2" time="4.276"/>
  <system-out/>
  <testcase classname="com.Assignment.TestCases.TestCases" name="Test4" time="8.700"/>
  <system-out/>
</testsuite> <!-- com.Assignment.TestCases.TestCases -->
